[debug] [2021-04-23T18:15:53.738Z] ----------------------------------------------------------------------
[debug] [2021-04-23T18:15:53.740Z] Command:       C:\Program Files\nodejs\node.exe C:\Users\José Cleyton\AppData\Roaming\npm\node_modules\firebase-tools\lib\bin\firebase.js init
[debug] [2021-04-23T18:15:53.741Z] CLI Version:   9.10.0
[debug] [2021-04-23T18:15:53.741Z] Platform:      win32
[debug] [2021-04-23T18:15:53.741Z] Node Version:  v13.14.0
[debug] [2021-04-23T18:15:53.742Z] Time:          Fri Apr 23 2021 15:15:53 GMT-0300 (Horário Padrão de Brasília)
[debug] [2021-04-23T18:15:53.742Z] ----------------------------------------------------------------------
[debug] 
[debug] [2021-04-23T18:15:53.745Z] >>> [apiv2][query] GET https://firebase-public.firebaseio.com/cli.json [none]
[debug] [2021-04-23T18:15:53.760Z] > command requires scopes: ["email","openid","https://www.googleapis.com/auth/cloudplatformprojects.readonly","https://www.googleapis.com/auth/firebase","https://www.googleapis.com/auth/cloud-platform"]
[debug] [2021-04-23T18:15:53.760Z] > authorizing via signed-in user (cleyton.profcomp@gmail.com)
[info] 
     ######## #### ########  ######## ########     ###     ######  ########
     ##        ##  ##     ## ##       ##     ##  ##   ##  ##       ##
     ######    ##  ########  ######   ########  #########  ######  ######
     ##        ##  ##    ##  ##       ##     ## ##     ##       ## ##
     ##       #### ##     ## ######## ########  ##     ##  ######  ########

You're about to initialize a Firebase project in this directory:

  A:\church-manager\church-manager

Before we get started, keep in mind:

  * You are initializing in an existing Firebase project directory

[debug] [2021-04-23T18:15:54.509Z] <<< [apiv2][status] GET https://firebase-public.firebaseio.com/cli.json 200
[debug] [2021-04-23T18:15:54.509Z] <<< [apiv2][body] GET https://firebase-public.firebaseio.com/cli.json {"cloudBuildErrorAfter":1594252800000,"cloudBuildWarnAfter":1590019200000,"defaultNode10After":1594252800000,"minVersion":"3.0.5","node8DeploysDisabledAfter":1613390400000,"node8RuntimeDisabledAfter":1615809600000,"node8WarnAfter":1600128000000}
